* using log directory ‘/Users/duncan/Projects/org/omegahat/XML/XSL/S/libxslt/Sxslt.Rcheck’
* using R Under development (unstable) (2011-11-27 r57757)
* using platform: x86_64-apple-darwin11.0.0 (64-bit)
* using session charset: UTF-8
* checking for file ‘Sxslt/DESCRIPTION’ ... OK
* this is package ‘Sxslt’ version ‘0.91-1’
* checking package namespace information ... OK
* checking package dependencies ... OK
* checking if this is a source package ... OK
* checking if there is a namespace ... OK
* checking for executable files ... OK
* checking whether package ‘Sxslt’ can be installed ... OK
* checking installed package size ... OK
* checking package directory ... OK
* checking for portable file names ... OK
* checking for sufficient/correct file permissions ... OK
* checking DESCRIPTION meta-information ... OK
* checking top-level files ... OK
* checking index information ... OK
* checking package subdirectories ... OK
* checking R files for non-ASCII characters ... OK
* checking R files for syntax errors ... OK
* checking whether the package can be loaded ... OK
* checking whether the package can be loaded with stated dependencies ... OK
* checking whether the package can be unloaded cleanly ... OK
* checking whether the namespace can be loaded with stated dependencies ... OK
* checking whether the namespace can be unloaded cleanly ... OK
* checking for unstated dependencies in R code ... OK
* checking S3 generic/method consistency ... OK
* checking replacement functions ... OK
* checking foreign function calls ... OK
* checking R code for possible problems ... OK
* checking Rd files ... NOTE
prepare_Rd: XPathNodeSet.Rd:69-70: Dropping empty section \value
prepare_Rd: XPathNodeSet.Rd:86-87: Dropping empty section \examples
prepare_Rd: XSLStyleSheet-class.Rd:45-47: Dropping empty section \examples
prepare_Rd: getXSLVariables.Rd:47-49: Dropping empty section \examples
prepare_Rd: processXSLXInclude.Rd:24-26: Dropping empty section \details
prepare_Rd: processXSLXInclude.Rd:36-37: Dropping empty section \seealso
prepare_Rd: processXSLXInclude.Rd:38-40: Dropping empty section \examples
prepare_Rd: readXSL.Rd:58-60: Dropping empty section \examples
prepare_Rd: xslError.Rd:26-28: Dropping empty section \details
prepare_Rd: xslError.Rd:39-41: Dropping empty section \examples
prepare_Rd: xslGlobalParameterNames.Rd:30-31: Dropping empty section \references
prepare_Rd: xslImportStyleSheets.Rd:31-33: Dropping empty section \examples
prepare_Rd: xsltCallTemplate.Rd:78-80: Dropping empty section \examples
prepare_Rd: xsltGetCurrentTemplate.Rd:53-55: Dropping empty section \examples
prepare_Rd: xsltGetXMLSourceNode.Rd:35-36: Dropping empty section \examples
prepare_Rd: xsltInsert.Rd:52: Dropping empty section \references
* checking Rd metadata ... OK
* checking Rd cross-references ... OK
* checking for missing documentation entries ... OK
* checking for code/documentation mismatches ... OK
* checking Rd \usage sections ... OK
* checking Rd contents ... OK
* checking for unstated dependencies in examples ... OK
* checking line endings in C/C++/Fortran sources/headers ... OK
* checking line endings in Makefiles ... OK
* checking for portable compilation flags in Makevars ... OK
* checking for portable use of $(BLAS_LIBS) and $(LAPACK_LIBS) ... OK
* checking compiled code ... NOTE
File ‘/Users/duncan/Projects/org/omegahat/XML/XSL/S/libxslt/Sxslt.Rcheck/Sxslt/libs/Sxslt.so’:
  Found ‘___stderrp’, possibly from ‘stderr’ (C)

Compiled code should not call functions which might terminate R
nor write to stdout/stderr instead of to the console.  The
detected symbols are linked into the code but might come from
libraries and not actually be called.

See ‘Writing portable packages’ in the ‘Writing R Extensions’
manual.
* checking examples ... ERROR
Running examples in ‘Sxslt-Ex.R’ failed
The error most likely occurred in:

> ### Name: getTemplate
> ### Title: Find the template to process a node
> ### Aliases: getTemplate getTemplate,XSLStyleSheet,character-method
> ###   getTemplate,XSLStyleSheet,XMLInternalNode-method
> ###   getTemplate,character,character-method
> ###   getTemplate,character,XMLInternalNode-method
> ###   getTemplate,XSLTTransformContext,XMLInternalNode-method
> ###   getTemplate,XSLTTransformContext,missing-method
> ### Keywords: IO programming
> 
> ### ** Examples
> 
>   
>     # A query to see which template handles article.
>    #XXX Problem
>   temp = getTemplate("http://www.omegahat.org/XDynDocs/XSL/html.xsl", "article")
I/O warning : failed to load HTTP resource
error
xsltParseStylesheetFile : cannot parse http://www.omegahat.org/XDynDocs/XSL/html.xsl
Error in xsltParseStyleSheet(ctxt) : 
  Cannot parse XSL document http://www.omegahat.org/XDynDocs/XSL/html.xsl
Calls: getTemplate -> getTemplate -> xsltParseStyleSheet -> .Call
Execution halted
