* installing *source* package ‘Sxslt’ ...
R_ONLY = yes
checking for xslt-config... /usr/local/bin/xslt-config
configure: creating ./config.status
config.status: creating src/Makefile
config.status: creating cleanup
config.status: creating src/Makevars
** libs
gcc -std=gnu99 -I/Users/duncan/Projects/R-2.13.1/build/include -g -D_R_=1 -DUSE_R=1  -DXSL_IN_R_ONLY -DHAVE_R_EMBEDDED_H -I/Users/duncan/Projects/R-2.13.1/build/include  -I/ -I/usr/local/include -I/usr/include/libxml2  -g -Wall    -fPIC  -g -Wall -c Converters.c -o Converters.o
Converters.c: In function ‘convertToXPath’:
Converters.c:107: warning: pointer targets in passing argument 1 of ‘xmlXPathNewString’ differ in signedness
Converters.c: In function ‘convertFromXPath’:
Converters.c:154: warning: pointer targets in passing argument 1 of ‘Rf_mkChar’ differ in signedness
gcc -std=gnu99 -I/Users/duncan/Projects/R-2.13.1/build/include -g -D_R_=1 -DUSE_R=1  -DXSL_IN_R_ONLY -DHAVE_R_EMBEDDED_H -I/Users/duncan/Projects/R-2.13.1/build/include  -I/ -I/usr/local/include -I/usr/include/libxml2  -g -Wall    -fPIC  -g -Wall -c NodeSet.c -o NodeSet.o
NodeSet.c: In function ‘RXSLT_getNodeAttribute’:
NodeSet.c:73: warning: pointer targets in passing argument 1 of ‘Rf_mkChar’ differ in signedness
NodeSet.c:79: warning: pointer targets in passing argument 1 of ‘Rf_mkChar’ differ in signedness
NodeSet.c: In function ‘RXSLT_getAttribute’:
NodeSet.c:136: warning: pointer targets in passing argument 2 of ‘xmlGetProp’ differ in signedness
NodeSet.c:138: warning: pointer targets in passing argument 1 of ‘Rf_mkChar’ differ in signedness
NodeSet.c: In function ‘RXSLT_getAttributeNames’:
NodeSet.c:172: warning: pointer targets in passing argument 1 of ‘Rf_mkChar’ differ in signedness
NodeSet.c: In function ‘RSXSLT_getNodeValue’:
NodeSet.c:238: warning: pointer targets in passing argument 1 of ‘Rf_mkChar’ differ in signedness
gcc -std=gnu99 -I/Users/duncan/Projects/R-2.13.1/build/include -g -D_R_=1 -DUSE_R=1  -DXSL_IN_R_ONLY -DHAVE_R_EMBEDDED_H -I/Users/duncan/Projects/R-2.13.1/build/include  -I/ -I/usr/local/include -I/usr/include/libxml2  -g -Wall    -fPIC  -g -Wall -c Rsupport.c -o Rsupport.o
gcc -std=gnu99 -I/Users/duncan/Projects/R-2.13.1/build/include -g -D_R_=1 -DUSE_R=1  -DXSL_IN_R_ONLY -DHAVE_R_EMBEDDED_H -I/Users/duncan/Projects/R-2.13.1/build/include  -I/ -I/usr/local/include -I/usr/include/libxml2  -g -Wall    -fPIC  -g -Wall -c Sxsltproc.c -o Sxsltproc.o
Sxsltproc.c: In function ‘R_registerXSLTModule’:
Sxsltproc.c:96: warning: implicit declaration of function ‘exsltRegisterAll’
Sxsltproc.c: In function ‘RXSLT_Warning’:
Sxsltproc.c:131: warning: format not a string literal and no format arguments
Sxsltproc.c:131: warning: format not a string literal and no format arguments
Sxsltproc.c: In function ‘R_getTransformContextMode’:
Sxsltproc.c:195: warning: pointer targets in passing argument 1 of ‘Rf_mkChar’ differ in signedness
Sxsltproc.c:197: warning: pointer targets in passing argument 1 of ‘Rf_mkChar’ differ in signedness
Sxsltproc.c: In function ‘RXSLT_callConvert’:
Sxsltproc.c:246: warning: pointer targets in assignment differ in signedness
Sxsltproc.c: In function ‘RXSLT_callNamedFunction’:
Sxsltproc.c:432: warning: unused variable ‘obj’
Sxsltproc.c:431: warning: unused variable ‘ptr’
Sxsltproc.c:431: warning: unused variable ‘tmp’
Sxsltproc.c: In function ‘RXSLT_source’:
Sxsltproc.c:568: warning: pointer targets in passing argument 1 of ‘RXSLT_internalSource’ differ in signedness
Sxsltproc.c: In function ‘registerBasicFunctions’:
Sxsltproc.c:630: warning: pointer targets in passing argument 2 of ‘xsltRegisterExtFunction’ differ in signedness
Sxsltproc.c:630: warning: pointer targets in passing argument 3 of ‘xsltRegisterExtFunction’ differ in signedness
Sxsltproc.c:637: warning: pointer targets in passing argument 2 of ‘xsltRegisterExtElement’ differ in signedness
Sxsltproc.c:637: warning: pointer targets in passing argument 3 of ‘xsltRegisterExtElement’ differ in signedness
Sxsltproc.c: In function ‘RXSLT_genericFunctionCall’:
Sxsltproc.c:750: warning: pointer targets in passing argument 1 of ‘RXSLT_findFunction’ differ in signedness
Sxsltproc.c:763: warning: pointer targets in passing argument 1 of ‘Rf_install’ differ in signedness
Sxsltproc.c: In function ‘RXSLT_registerFunction’:
Sxsltproc.c:845: warning: pointer targets in passing argument 2 of ‘xsltRegisterExtFunction’ differ in signedness
Sxsltproc.c:845: warning: pointer targets in passing argument 3 of ‘xsltRegisterExtFunction’ differ in signedness
Sxsltproc.c: In function ‘R_getKeyNames’:
Sxsltproc.c:878: warning: pointer targets in passing argument 1 of ‘Rf_mkChar’ differ in signedness
gcc -std=gnu99 -I/Users/duncan/Projects/R-2.13.1/build/include -g -D_R_=1 -DUSE_R=1  -DXSL_IN_R_ONLY -DHAVE_R_EMBEDDED_H -I/Users/duncan/Projects/R-2.13.1/build/include  -I/ -I/usr/local/include -I/usr/include/libxml2  -g -Wall    -fPIC  -g -Wall -c XSLTInS.c -o XSLTInS.o
XSLTInS.c: In function ‘R_xsltFreeStylesheet’:
XSLTInS.c:68: warning: pointer type mismatch in conditional expression
XSLTInS.c: In function ‘S_parseStylesheet’:
XSLTInS.c:180: warning: pointer type mismatch in conditional expression
XSLTInS.c:182: warning: pointer targets in passing argument 1 of ‘xsltParseStylesheetFile’ differ in signedness
XSLTInS.c: In function ‘S_saveXMLDocToFile’:
XSLTInS.c:431: warning: unused variable ‘ans’
XSLTInS.c: In function ‘RXSLT_getXSLVariable’:
XSLTInS.c:498: warning: pointer targets in initialization differ in signedness
XSLTInS.c:503: warning: pointer targets in passing argument 2 of ‘xsltVariableLookup’ differ in signedness
XSLTInS.c: In function ‘RXSLT_getCurrentSourceNode’:
XSLTInS.c:632: warning: unused variable ‘node’
XSLTInS.c: In function ‘RXSLT_insert’:
XSLTInS.c:656: warning: pointer targets in passing argument 3 of ‘xsltCopyTextString’ differ in signedness
XSLTInS.c: In function ‘RXSLT_applyTemplates’:
XSLTInS.c:714: warning: assignment from incompatible pointer type
XSLTInS.c:720: warning: assignment from incompatible pointer type
XSLTInS.c: In function ‘find_precomp’:
XSLTInS.c:769: warning: assignment from incompatible pointer type
XSLTInS.c:774: warning: assignment from incompatible pointer type
XSLTInS.c: In function ‘RXSLT_callTemplate’:
XSLTInS.c:823: warning: pointer targets in passing argument 2 of ‘xmlNewNode’ differ in signedness
XSLTInS.c:834: warning: pointer targets in passing argument 2 of ‘xmlNewNode’ differ in signedness
XSLTInS.c:835: warning: pointer targets in passing argument 1 of ‘xmlNewText’ differ in signedness
XSLTInS.c:836: warning: pointer targets in passing argument 2 of ‘xmlNewProp’ differ in signedness
XSLTInS.c:836: warning: pointer targets in passing argument 3 of ‘xmlNewProp’ differ in signedness
XSLTInS.c:837: warning: pointer targets in passing argument 2 of ‘xmlNewProp’ differ in signedness
XSLTInS.c:837: warning: pointer targets in passing argument 3 of ‘xmlNewProp’ differ in signedness
XSLTInS.c:848: warning: pointer targets in passing argument 2 of ‘xmlDictLookup’ differ in signedness
XSLTInS.c: In function ‘makeRTemplateObject’:
XSLTInS.c:991: warning: pointer targets in passing argument 1 of ‘Rf_mkString’ differ in signedness
XSLTInS.c:992: warning: pointer targets in passing argument 1 of ‘Rf_mkString’ differ in signedness
XSLTInS.c:995: warning: pointer targets in passing argument 1 of ‘Rf_mkString’ differ in signedness
XSLTInS.c: In function ‘RSXSLT_getTemplate’:
XSLTInS.c:1018: warning: pointer targets in assignment differ in signedness
XSLTInS.c: At top level:
XSLTInS.c:767: warning: ‘find_precomp’ defined but not used
gcc -std=gnu99 -dynamiclib -Wl,-headerpad_max_install_names -undefined dynamic_lookup -single_module -multiply_defined suppress -L/usr/local/lib -o Sxslt.so Converters.o NodeSet.o Rsupport.o Sxsltproc.o XSLTInS.o -lexslt -L/usr/local/lib -lxslt -lxml2 -lz -lpthread -licucore -lm -L/Users/duncan/Projects/R-2.13.1/build/lib -lR -dylib_file libRblas.dylib:/Users/duncan/Projects/R-2.13.1/build/lib/libRblas.dylib -Wl,-framework -Wl,CoreFoundation
installing to /Users/duncan/Projects/org/omegahat/XML/XSL/S/libxslt/Sxslt.Rcheck/Sxslt/libs
** R
** inst
** preparing package for lazy loading
** help
*** installing help indices
** building package indices ...
** testing if installed package can be loaded

* DONE (Sxslt)
